2025-01-11 23:16:07,496 [INFO] 总共 10 张卡需要查询
2025-01-11 23:16:07,496 [INFO] 划分为 1 个批次，平均每批次约 10 张卡
2025-01-11 23:16:07,527 [INFO] 线程 1 开始处理 10 张卡号
2025-01-11 23:16:17,618 [INFO] 线程 1 页面已加载: https://www.lululemon.com.au/en-au/content/gift-cards/gift-cards.html
2025-01-11 23:16:25,622 [WARNING] 未找到关闭弹窗按钮或点击失败: Page.click: Timeout 8000ms exceeded.
Call log:
  - waiting for locator("//*[@id=\"countrySelectorModal\"]/div/div/div[1]/button")

2025-01-11 23:16:25,776 [INFO] 已保存截图 'close_popup_error.png' 以供调试
2025-01-11 23:16:25,937 [INFO] 成功点击指定选项
2025-01-11 23:16:26,940 [INFO] 线程 1 => 查询第 1/10 张卡号: 605143123171017317198
2025-01-11 23:16:28,994 [INFO] 已输入卡号: 605143123171017317198
2025-01-11 23:16:29,069 [INFO] 已点击查询按钮
2025-01-11 23:16:30,571 [ERROR] 查询卡号 605143123171017317198 时失败: 余额信息为空
2025-01-11 23:16:30,572 [INFO] 等待 0.22 秒后重试 (重试次数: 1/8)
2025-01-11 23:16:30,816 [INFO] 已输入卡号: 605143123171017317198
2025-01-11 23:16:30,887 [INFO] 已点击查询按钮
2025-01-11 23:16:32,391 [ERROR] 查询卡号 605143123171017317198 时失败: 余额信息为空
2025-01-11 23:16:32,391 [INFO] 等待 0.50 秒后重试 (重试次数: 2/8)
2025-01-11 23:16:32,916 [INFO] 已输入卡号: 605143123171017317198
2025-01-11 23:16:32,984 [INFO] 已点击查询按钮
2025-01-11 23:16:34,485 [ERROR] 查询卡号 605143123171017317198 时失败: 余额信息为空
2025-01-11 23:16:34,485 [INFO] 等待 0.27 秒后重试 (重试次数: 3/8)
2025-01-11 23:16:34,781 [INFO] 已输入卡号: 605143123171017317198
2025-01-11 23:16:34,851 [INFO] 已点击查询按钮
2025-01-11 23:16:36,354 [ERROR] 查询卡号 605143123171017317198 时失败: 余额信息为空
2025-01-11 23:16:36,354 [INFO] 等待 0.67 秒后重试 (重试次数: 4/8)
2025-01-11 23:16:37,053 [INFO] 已输入卡号: 605143123171017317198
2025-01-11 23:16:37,122 [INFO] 已点击查询按钮
2025-01-11 23:16:38,662 [ERROR] Task was destroyed but it is pending!
task: <Task cancelling name='Task-2' coro=<process_card_batch() running at /Users/hao/Desktop/GC-Python/playwright/run.py:238> wait_for=<Future pending cb=[Task.task_wakeup()]> cb=[as_completed.<locals>._on_completion() at /Users/hao/.pyenv/versions/3.11.3/lib/python3.11/asyncio/tasks.py:592, <2 more>, ProtocolCallback.__init__.<locals>.cb() at /Users/hao/.pyenv/versions/3.11.3/lib/python3.11/site-packages/playwright/_impl/_connection.py:198]>
2025-01-11 23:20:27,201 [INFO] 总共 10 张卡需要查询
2025-01-11 23:20:27,201 [INFO] 划分为 1 个批次，平均每批次约 10 张卡
2025-01-11 23:20:27,212 [INFO] 线程 1 开始处理 10 张卡号
2025-01-11 23:20:32,552 [INFO] 线程 1 页面已加载: https://www.lululemon.com.au/en-au/content/gift-cards/gift-cards.html
2025-01-11 23:20:40,555 [WARNING] 未找到关闭弹窗按钮或点击失败: Page.click: Timeout 8000ms exceeded.
Call log:
  - waiting for locator("//*[@id=\"countrySelectorModal\"]/div/div/div[1]/button")

2025-01-11 23:20:40,699 [INFO] 已保存截图 'close_popup_error.png' 以供调试
2025-01-11 23:20:40,941 [INFO] 成功点击指定选项
2025-01-11 23:20:41,953 [INFO] 线程 1 => 查询第 1/10 张卡号: 605143123171017317198
2025-01-11 23:20:43,997 [INFO] 已输入卡号: 605143123171017317198
2025-01-11 23:20:44,076 [INFO] 已点击查询按钮
2025-01-11 23:20:45,581 [ERROR] 查询卡号 605143123171017317198 时失败: 余额信息为空
2025-01-11 23:20:45,581 [INFO] 等待 0.48 秒后重试 (重试次数: 1/8)
2025-01-11 23:20:46,084 [INFO] 已输入卡号: 605143123171017317198
2025-01-11 23:20:46,163 [INFO] 已点击查询按钮
2025-01-11 23:20:47,666 [ERROR] 查询卡号 605143123171017317198 时失败: 余额信息为空
2025-01-11 23:20:47,666 [INFO] 等待 0.66 秒后重试 (重试次数: 2/8)
2025-01-11 23:20:48,365 [INFO] 已输入卡号: 605143123171017317198
2025-01-11 23:20:48,430 [INFO] 已点击查询按钮
2025-01-11 23:20:49,932 [ERROR] 查询卡号 605143123171017317198 时失败: 余额信息为空
2025-01-11 23:20:49,932 [INFO] 等待 0.95 秒后重试 (重试次数: 3/8)
2025-01-11 23:23:33,812 [ERROR] Task was destroyed but it is pending!
task: <Task cancelling name='Task-2' coro=<process_card_batch() running at /Users/hao/Desktop/GC-Python/playwright/run.py:244> wait_for=<Future pending cb=[Task.task_wakeup()]> cb=[as_completed.<locals>._on_completion() at /Users/hao/.pyenv/versions/3.11.3/lib/python3.11/asyncio/tasks.py:592, <1 more>, ProtocolCallback.__init__.<locals>.cb() at /Users/hao/.pyenv/versions/3.11.3/lib/python3.11/site-packages/playwright/_impl/_connection.py:198]>
2025-01-11 23:23:37,411 [INFO] 总共 10 张卡需要查询
2025-01-11 23:23:37,411 [INFO] 划分为 1 个批次，平均每批次约 10 张卡
2025-01-11 23:23:37,423 [INFO] 线程 1 开始处理 10 张卡号
2025-01-11 23:23:43,652 [INFO] 线程 1 页面已加载: https://www.lululemon.com.au/en-au/content/gift-cards/gift-cards.html
2025-01-11 23:23:51,658 [WARNING] 未找到关闭弹窗按钮或点击失败: Page.click: Timeout 8000ms exceeded.
Call log:
  - waiting for locator("//*[@id=\"countrySelectorModal\"]/div/div/div[1]/button")

2025-01-11 23:23:51,794 [INFO] 已保存截图 'close_popup_error.png' 以供调试
2025-01-11 23:23:51,991 [INFO] 成功点击指定选项
2025-01-11 23:23:52,994 [INFO] 线程 1 => 查询第 1/10 张卡号: 605143123171017317198
2025-01-11 23:23:55,024 [INFO] 已输入卡号: 605143123171017317198
2025-01-11 23:23:55,107 [INFO] 已点击查询按钮
2025-01-11 23:23:56,610 [ERROR] 查询卡号 605143123171017317198 时失败: 余额信息为空
2025-01-11 23:23:56,611 [INFO] 等待 0.69 秒后重试 (重试次数: 1/8)
2025-01-11 23:24:28,445 [ERROR] Task was destroyed but it is pending!
task: <Task cancelling name='Task-2' coro=<process_card_batch() running at /Users/hao/Desktop/GC-Python/playwright/run.py:252> wait_for=<Future pending cb=[Task.task_wakeup()]> cb=[as_completed.<locals>._on_completion() at /Users/hao/.pyenv/versions/3.11.3/lib/python3.11/asyncio/tasks.py:592, <2 more>, ProtocolCallback.__init__.<locals>.cb() at /Users/hao/.pyenv/versions/3.11.3/lib/python3.11/site-packages/playwright/_impl/_connection.py:198]>
2025-01-11 23:24:32,581 [INFO] 总共 10 张卡需要查询
2025-01-11 23:24:32,582 [INFO] 划分为 1 个批次，平均每批次约 10 张卡
2025-01-11 23:24:32,593 [INFO] 线程 1 开始处理 10 张卡号
2025-01-11 23:24:38,670 [INFO] 线程 1 页面已加载: https://www.lululemon.com.au/en-au/content/gift-cards/gift-cards.html
2025-01-11 23:24:46,674 [WARNING] 未找到关闭弹窗按钮或点击失败: Page.click: Timeout 8000ms exceeded.
Call log:
  - waiting for locator("//*[@id=\"countrySelectorModal\"]/div/div/div[1]/button")

2025-01-11 23:24:46,815 [INFO] 已保存截图 'close_popup_error.png' 以供调试
2025-01-11 23:24:46,971 [INFO] 成功点击指定选项
2025-01-11 23:24:47,975 [INFO] 线程 1 => 查询第 1/10 张卡号: 605143123171017317198
2025-01-11 23:24:50,006 [INFO] 已输入卡号: 605143123171017317198
2025-01-11 23:24:50,080 [INFO] 已点击查询按钮
2025-01-11 23:24:51,584 [ERROR] 查询卡号 605143123171017317198 时失败: 余额信息为空
2025-01-11 23:24:51,584 [INFO] 等待 0.42 秒后重试 (重试次数: 1/8)
2025-01-11 23:25:38,491 [ERROR] Task was destroyed but it is pending!
task: <Task cancelling name='Task-2' coro=<process_card_batch() done, defined at /Users/hao/Desktop/GC-Python/playwright/run.py:202> wait_for=<Future pending cb=[Task.task_wakeup()]> cb=[as_completed.<locals>._on_completion() at /Users/hao/.pyenv/versions/3.11.3/lib/python3.11/asyncio/tasks.py:592, <2 more>, ProtocolCallback.__init__.<locals>.cb() at /Users/hao/.pyenv/versions/3.11.3/lib/python3.11/site-packages/playwright/_impl/_connection.py:198]>
2025-01-11 23:25:41,855 [INFO] 总共 10 张卡需要查询
2025-01-11 23:25:41,855 [INFO] 划分为 1 个批次，平均每批次约 10 张卡
2025-01-11 23:25:41,866 [INFO] 线程 1 开始处理 10 张卡号
2025-01-11 23:25:46,174 [INFO] 线程 1 页面已加载: https://www.lululemon.com.au/en-au/content/gift-cards/gift-cards.html
2025-01-11 23:25:54,179 [WARNING] 未找到关闭弹窗按钮或点击失败: Page.click: Timeout 8000ms exceeded.
Call log:
  - waiting for locator("//*[@id=\"countrySelectorModal\"]/div/div/div[1]/button")

2025-01-11 23:25:54,320 [INFO] 已保存截图 'close_popup_error.png' 以供调试
2025-01-11 23:25:54,527 [INFO] 成功点击指定选项
2025-01-11 23:25:55,531 [INFO] 线程 1 => 查询第 1/10 张卡号: 605143123171017317198
2025-01-11 23:25:57,561 [INFO] 已输入卡号: 605143123171017317198
2025-01-11 23:25:57,648 [INFO] 已点击查询按钮
2025-01-11 23:25:59,152 [ERROR] 查询卡号 605143123171017317198 时失败: 余额信息为空
2025-01-11 23:25:59,152 [INFO] 等待 0.09 秒后重试 (重试次数: 1/8)
2025-01-11 23:27:07,614 [ERROR] Task was destroyed but it is pending!
task: <Task cancelling name='Task-2' coro=<process_card_batch() done, defined at /Users/hao/Desktop/GC-Python/playwright/run.py:202> wait_for=<Future pending cb=[Task.task_wakeup()]> cb=[as_completed.<locals>._on_completion() at /Users/hao/.pyenv/versions/3.11.3/lib/python3.11/asyncio/tasks.py:592, <2 more>, ProtocolCallback.__init__.<locals>.cb() at /Users/hao/.pyenv/versions/3.11.3/lib/python3.11/site-packages/playwright/_impl/_connection.py:198]>
2025-01-11 23:27:11,032 [INFO] 总共 10 张卡需要查询
2025-01-11 23:27:11,032 [INFO] 划分为 1 个批次，平均每批次约 10 张卡
2025-01-11 23:27:11,043 [INFO] 线程 1 开始处理 10 张卡号
2025-01-11 23:27:16,767 [INFO] 线程 1 页面已加载: https://www.lululemon.com.au/en-au/content/gift-cards/gift-cards.html
2025-01-11 23:27:24,771 [WARNING] 未找到关闭弹窗按钮或点击失败: Page.click: Timeout 8000ms exceeded.
Call log:
  - waiting for locator("//*[@id=\"countrySelectorModal\"]/div/div/div[1]/button")

2025-01-11 23:27:24,886 [INFO] 已保存截图 'close_popup_error.png' 以供调试
2025-01-11 23:27:25,095 [INFO] 成功点击指定选项
2025-01-11 23:27:26,098 [INFO] 线程 1 => 查询第 1/10 张卡号: 605143123171017317198
2025-01-11 23:27:28,130 [INFO] 已输入卡号: 605143123171017317198
2025-01-11 23:27:28,218 [INFO] 已点击查询按钮
2025-01-11 23:27:29,722 [ERROR] 查询卡号 605143123171017317198 时失败: 余额信息为空
2025-01-11 23:27:29,722 [INFO] 等待 0.38 秒后重试 (重试次数: 1/8)
2025-01-11 23:27:34,598 [ERROR] Task was destroyed but it is pending!
task: <Task cancelling name='Task-2' coro=<process_card_batch() running at /Users/hao/Desktop/GC-Python/playwright/run.py:252> wait_for=<Future pending cb=[Task.task_wakeup()]> cb=[as_completed.<locals>._on_completion() at /Users/hao/.pyenv/versions/3.11.3/lib/python3.11/asyncio/tasks.py:592, <2 more>, ProtocolCallback.__init__.<locals>.cb() at /Users/hao/.pyenv/versions/3.11.3/lib/python3.11/site-packages/playwright/_impl/_connection.py:198]>
2025-01-11 23:34:19,171 [INFO] 总共 10 张卡需要查询
2025-01-11 23:34:19,172 [INFO] 划分为 1 个批次，平均每批次约 10 张卡
2025-01-11 23:34:19,183 [INFO] 线程 1 开始处理 10 张卡号
2025-01-11 23:34:24,953 [INFO] 线程 1 页面已加载: https://www.lululemon.com.au/en-au/content/gift-cards/gift-cards.html
2025-01-11 23:34:32,957 [WARNING] 未找到关闭弹窗按钮或点击失败: Page.click: Timeout 8000ms exceeded.
Call log:
  - waiting for locator("//*[@id=\"countrySelectorModal\"]/div/div/div[1]/button")

2025-01-11 23:34:33,102 [INFO] 已保存截图 'close_popup_error.png' 以供调试
2025-01-11 23:34:33,333 [INFO] 成功点击指定选项
2025-01-11 23:34:34,337 [INFO] 线程 1 => 查询第 1/10 张卡号: 605143123171017317198
2025-01-11 23:34:36,362 [INFO] 已输入卡号: 605143123171017317198
2025-01-11 23:34:36,432 [INFO] 已点击查询按钮
2025-01-11 23:34:37,935 [ERROR] 查询卡号 605143123171017317198 时失败: 余额信息为空
2025-01-11 23:34:37,935 [INFO] 等待 0.38 秒后重试 (重试次数: 1/8)
2025-01-11 23:36:17,508 [ERROR] Task was destroyed but it is pending!
task: <Task cancelling name='Task-2' coro=<process_card_batch() running at /Users/hao/Desktop/GC-Python/playwright/run.py:254> wait_for=<Future pending cb=[Task.task_wakeup()]> cb=[as_completed.<locals>._on_completion() at /Users/hao/.pyenv/versions/3.11.3/lib/python3.11/asyncio/tasks.py:592, <2 more>, ProtocolCallback.__init__.<locals>.cb() at /Users/hao/.pyenv/versions/3.11.3/lib/python3.11/site-packages/playwright/_impl/_connection.py:198]>
2025-01-11 23:36:21,292 [INFO] 总共 10 张卡需要查询
2025-01-11 23:36:21,292 [INFO] 划分为 1 个批次，平均每批次约 10 张卡
2025-01-11 23:36:21,304 [INFO] 线程 1 开始处理 10 张卡号
2025-01-11 23:36:27,084 [INFO] 线程 1 页面已加载: https://www.lululemon.com.au/en-au/content/gift-cards/gift-cards.html
2025-01-11 23:36:35,088 [WARNING] 未找到关闭弹窗按钮或点击失败: Page.click: Timeout 8000ms exceeded.
Call log:
  - waiting for locator("//*[@id=\"countrySelectorModal\"]/div/div/div[1]/button")

2025-01-11 23:36:35,242 [INFO] 已保存截图 'close_popup_error.png' 以供调试
2025-01-11 23:36:35,396 [INFO] 成功点击指定选项
2025-01-11 23:36:36,400 [INFO] 线程 1 => 查询第 1/10 张卡号: 605143123171017317198
2025-01-11 23:36:38,427 [INFO] 已输入卡号: 605143123171017317198
2025-01-11 23:36:38,503 [INFO] 已点击查询按钮
2025-01-11 23:36:40,005 [ERROR] 查询卡号 605143123171017317198 时失败: 余额信息为空
2025-01-11 23:36:40,005 [INFO] 等待 0.42 秒后重试 (重试次数: 1/8)
2025-01-11 23:37:32,282 [ERROR] Task was destroyed but it is pending!
task: <Task cancelling name='Task-2' coro=<process_card_batch() done, defined at /Users/hao/Desktop/GC-Python/playwright/run.py:205> wait_for=<Future pending cb=[Task.task_wakeup()]> cb=[as_completed.<locals>._on_completion() at /Users/hao/.pyenv/versions/3.11.3/lib/python3.11/asyncio/tasks.py:592, <2 more>, ProtocolCallback.__init__.<locals>.cb() at /Users/hao/.pyenv/versions/3.11.3/lib/python3.11/site-packages/playwright/_impl/_connection.py:198]>
2025-01-11 23:37:34,490 [INFO] 总共 10 张卡需要查询
2025-01-11 23:37:34,491 [INFO] 划分为 1 个批次，平均每批次约 10 张卡
2025-01-11 23:37:34,503 [INFO] 线程 1 开始处理 10 张卡号
2025-01-11 23:37:40,396 [INFO] 线程 1 页面已加载: https://www.lululemon.com.au/en-au/content/gift-cards/gift-cards.html
2025-01-11 23:37:48,400 [WARNING] 未找到关闭弹窗按钮或点击失败: Page.click: Timeout 8000ms exceeded.
Call log:
  - waiting for locator("//*[@id=\"countrySelectorModal\"]/div/div/div[1]/button")

2025-01-11 23:37:48,542 [INFO] 已保存截图 'close_popup_error.png' 以供调试
2025-01-11 23:37:48,775 [INFO] 成功点击指定选项
2025-01-11 23:37:49,779 [INFO] 线程 1 => 查询第 1/10 张卡号: 605143123171017317198
2025-01-11 23:37:51,840 [INFO] 已输入卡号: 605143123171017317198
2025-01-11 23:37:51,947 [INFO] 已点击查询按钮
2025-01-11 23:39:32,007 [ERROR] Task was destroyed but it is pending!
task: <Task cancelling name='Task-2' coro=<process_card_batch() running at /Users/hao/Desktop/GC-Python/playwright/run.py:256> wait_for=<Future pending cb=[Task.task_wakeup()]> cb=[as_completed.<locals>._on_completion() at /Users/hao/.pyenv/versions/3.11.3/lib/python3.11/asyncio/tasks.py:592, <1 more>, ProtocolCallback.__init__.<locals>.cb() at /Users/hao/.pyenv/versions/3.11.3/lib/python3.11/site-packages/playwright/_impl/_connection.py:198]>
2025-01-11 23:39:56,657 [INFO] 总共 10 张卡需要查询
2025-01-11 23:39:56,658 [INFO] 划分为 1 个批次，平均每批次约 10 张卡
2025-01-11 23:39:56,670 [INFO] 线程 1 开始处理 10 张卡号
2025-01-11 23:40:02,192 [INFO] 线程 1 页面已加载: https://www.lululemon.com.au/en-au/content/gift-cards/gift-cards.html
2025-01-11 23:40:10,197 [WARNING] 未找到关闭弹窗按钮或点击失败: Page.click: Timeout 8000ms exceeded.
Call log:
  - waiting for locator("//*[@id=\"countrySelectorModal\"]/div/div/div[1]/button")

2025-01-11 23:40:10,348 [INFO] 已保存截图 'close_popup_error.png' 以供调试
2025-01-11 23:40:10,577 [INFO] 成功点击指定选项
2025-01-11 23:40:11,581 [INFO] 线程 1 => 查询第 1/10 张卡号: 605143123171017317198
2025-01-11 23:40:13,608 [INFO] 已输入卡号: 605143123171017317198
2025-01-11 23:40:13,680 [INFO] 已点击查询按钮
2025-01-11 23:40:14,181 [ERROR] 查询卡号 605143123171017317198 时失败: 余额信息为空
2025-01-11 23:40:14,182 [INFO] 等待 0.29 秒后重试 (重试次数: 1/8)
2025-01-11 23:40:14,498 [INFO] 已输入卡号: 605143123171017317198
2025-01-11 23:40:54,100 [ERROR] Task was destroyed but it is pending!
task: <Task cancelling name='Task-2' coro=<process_card_batch() running at /Users/hao/Desktop/GC-Python/playwright/run.py:256> wait_for=<Future pending cb=[Task.task_wakeup()]> cb=[as_completed.<locals>._on_completion() at /Users/hao/.pyenv/versions/3.11.3/lib/python3.11/asyncio/tasks.py:592, <2 more>, ProtocolCallback.__init__.<locals>.cb() at /Users/hao/.pyenv/versions/3.11.3/lib/python3.11/site-packages/playwright/_impl/_connection.py:198]>
2025-01-11 23:41:05,254 [INFO] 总共 10 张卡需要查询
2025-01-11 23:41:05,255 [INFO] 划分为 1 个批次，平均每批次约 10 张卡
2025-01-11 23:41:05,267 [INFO] 线程 1 开始处理 10 张卡号
2025-01-11 23:41:11,387 [INFO] 线程 1 页面已加载: https://www.lululemon.com.au/en-au/content/gift-cards/gift-cards.html
2025-01-11 23:41:19,392 [WARNING] 未找到关闭弹窗按钮或点击失败: Page.click: Timeout 8000ms exceeded.
Call log:
  - waiting for locator("//*[@id=\"countrySelectorModal\"]/div/div/div[1]/button")

2025-01-11 23:41:19,524 [INFO] 已保存截图 'close_popup_error.png' 以供调试
2025-01-11 23:41:19,743 [INFO] 成功点击指定选项
2025-01-11 23:41:20,746 [INFO] 线程 1 => 查询第 1/10 张卡号: 605143123171017317198
2025-01-11 23:41:22,775 [INFO] 已输入卡号: 605143123171017317198
2025-01-11 23:41:22,846 [INFO] 已点击查询按钮
2025-01-11 23:41:23,347 [ERROR] 查询卡号 605143123171017317198 时失败: 余额信息为空
2025-01-11 23:41:23,347 [INFO] 等待 0.25 秒后重试 (重试次数: 1/8)
2025-01-11 23:41:23,624 [INFO] 已输入卡号: 605143123171017317198
2025-01-11 23:42:18,145 [ERROR] Task was destroyed but it is pending!
task: <Task cancelling name='Task-2' coro=<process_card_batch() running at /Users/hao/Desktop/GC-Python/playwright/run.py:258> wait_for=<Future pending cb=[Task.task_wakeup()]> cb=[as_completed.<locals>._on_completion() at /Users/hao/.pyenv/versions/3.11.3/lib/python3.11/asyncio/tasks.py:592, <2 more>, ProtocolCallback.__init__.<locals>.cb() at /Users/hao/.pyenv/versions/3.11.3/lib/python3.11/site-packages/playwright/_impl/_connection.py:198]>
2025-01-11 23:42:20,769 [INFO] 总共 10 张卡需要查询
2025-01-11 23:42:20,769 [INFO] 划分为 1 个批次，平均每批次约 10 张卡
2025-01-11 23:42:20,781 [INFO] 线程 1 开始处理 10 张卡号
2025-01-11 23:42:27,685 [INFO] 线程 1 页面已加载: https://www.lululemon.com.au/en-au/content/gift-cards/gift-cards.html
2025-01-11 23:42:35,688 [WARNING] 未找到关闭弹窗按钮或点击失败: Page.click: Timeout 8000ms exceeded.
Call log:
  - waiting for locator("//*[@id=\"countrySelectorModal\"]/div/div/div[1]/button")

2025-01-11 23:42:35,814 [INFO] 已保存截图 'close_popup_error.png' 以供调试
2025-01-11 23:42:36,101 [INFO] 成功点击指定选项
2025-01-11 23:42:37,105 [INFO] 线程 1 => 查询第 1/10 张卡号: 605143123171017317198
2025-01-11 23:42:39,135 [INFO] 已输入卡号: 605143123171017317198
2025-01-11 23:42:39,210 [INFO] 已点击查询按钮
2025-01-11 23:42:41,017 [INFO] 查询结果: A$0.00
2025-01-11 23:42:41,104 [INFO] 已点击 'CHECK ANOTHER CARD' 按钮
2025-01-11 23:42:41,110 [INFO] 输入框已可用
2025-01-11 23:42:41,111 [INFO] 线程 1 等待 3.32 秒后继续下一张
2025-01-11 23:42:44,432 [INFO] 线程 1 => 查询第 2/10 张卡号: 6051430091229568148
2025-01-11 23:42:46,479 [INFO] 已输入卡号: 6051430091229568148
2025-01-11 23:42:46,572 [INFO] 已点击查询按钮
2025-01-11 23:42:47,879 [INFO] 查询结果: A$0.00
2025-01-11 23:42:47,968 [INFO] 已点击 'CHECK ANOTHER CARD' 按钮
2025-01-11 23:42:47,973 [INFO] 输入框已可用
2025-01-11 23:42:47,974 [INFO] 线程 1 等待 5.89 秒后继续下一张
2025-01-11 23:42:53,867 [INFO] 线程 1 => 查询第 3/10 张卡号: 6051430083829599283
2025-01-11 23:42:55,892 [INFO] 已输入卡号: 6051430083829599283
2025-01-11 23:42:55,968 [INFO] 已点击查询按钮
2025-01-11 23:42:57,299 [INFO] 查询结果: A$0.00
2025-01-11 23:42:57,409 [INFO] 已点击 'CHECK ANOTHER CARD' 按钮
2025-01-11 23:42:57,416 [INFO] 输入框已可用
2025-01-11 23:42:57,416 [INFO] 线程 1 等待 4.82 秒后继续下一张
2025-01-11 23:43:02,238 [INFO] 线程 1 => 查询第 4/10 张卡号: 6051433858362293583
2025-01-11 23:43:04,262 [INFO] 已输入卡号: 6051433858362293583
2025-01-11 23:43:04,338 [INFO] 已点击查询按钮
2025-01-11 23:43:05,639 [INFO] 查询结果: A$0.00
2025-01-11 23:43:05,732 [INFO] 已点击 'CHECK ANOTHER CARD' 按钮
2025-01-11 23:43:05,737 [INFO] 输入框已可用
2025-01-11 23:43:05,737 [INFO] 线程 1 等待 4.68 秒后继续下一张
2025-01-11 23:43:10,419 [INFO] 线程 1 => 查询第 5/10 张卡号: 605143345831038260820
2025-01-11 23:43:12,442 [INFO] 已输入卡号: 605143345831038260820
2025-01-11 23:43:12,538 [INFO] 已点击查询按钮
2025-01-11 23:43:13,839 [INFO] 查询结果: A$0.01
2025-01-11 23:43:13,934 [INFO] 已点击 'CHECK ANOTHER CARD' 按钮
2025-01-11 23:43:13,940 [INFO] 输入框已可用
2025-01-11 23:43:13,940 [INFO] 线程 1 等待 4.27 秒后继续下一张
2025-01-11 23:43:18,206 [INFO] 线程 1 => 查询第 6/10 张卡号: 605143818441047501173
2025-01-11 23:43:20,230 [INFO] 已输入卡号: 605143818441047501173
2025-01-11 23:43:20,304 [INFO] 已点击查询按钮
2025-01-11 23:43:22,106 [INFO] 查询结果: A$0.00
2025-01-11 23:43:22,202 [INFO] 已点击 'CHECK ANOTHER CARD' 按钮
2025-01-11 23:43:22,208 [INFO] 输入框已可用
2025-01-11 23:43:22,208 [INFO] 线程 1 等待 4.39 秒后继续下一张
2025-01-11 23:43:26,595 [INFO] 线程 1 => 查询第 7/10 张卡号: 605143551461045658379
2025-01-11 23:43:28,619 [INFO] 已输入卡号: 605143551461045658379
2025-01-11 23:43:28,704 [INFO] 已点击查询按钮
2025-01-11 23:43:30,507 [INFO] 查询结果: A$0.00
2025-01-11 23:43:30,603 [INFO] 已点击 'CHECK ANOTHER CARD' 按钮
2025-01-11 23:43:30,608 [INFO] 输入框已可用
2025-01-11 23:43:30,608 [INFO] 线程 1 等待 3.55 秒后继续下一张
2025-01-11 23:43:34,162 [INFO] 线程 1 => 查询第 8/10 张卡号: 605143938431047501186
2025-01-11 23:43:36,186 [INFO] 已输入卡号: 605143938431047501186
2025-01-11 23:43:36,272 [INFO] 已点击查询按钮
2025-01-11 23:43:37,574 [INFO] 查询结果: A$0.00
2025-01-11 23:43:37,669 [INFO] 已点击 'CHECK ANOTHER CARD' 按钮
2025-01-11 23:43:37,674 [INFO] 输入框已可用
2025-01-11 23:43:37,675 [INFO] 线程 1 等待 6.84 秒后继续下一张
2025-01-11 23:43:44,516 [INFO] 线程 1 => 查询第 9/10 张卡号: 605143338721047501196
2025-01-11 23:43:46,543 [INFO] 已输入卡号: 605143338721047501196
2025-01-11 23:43:46,639 [INFO] 已点击查询按钮
2025-01-11 23:43:48,442 [INFO] 查询结果: A$0.00
2025-01-11 23:43:48,537 [INFO] 已点击 'CHECK ANOTHER CARD' 按钮
2025-01-11 23:43:48,542 [INFO] 输入框已可用
2025-01-11 23:43:48,543 [INFO] 线程 1 等待 4.46 秒后继续下一张
2025-01-11 23:43:53,009 [INFO] 线程 1 => 查询第 10/10 张卡号: 605143766511045659490
2025-01-11 23:43:55,033 [INFO] 已输入卡号: 605143766511045659490
2025-01-11 23:43:55,105 [INFO] 已点击查询按钮
2025-01-11 23:43:56,403 [INFO] 查询结果: A$0.00
2025-01-11 23:43:56,468 [INFO] 已点击 'CHECK ANOTHER CARD' 按钮
2025-01-11 23:43:56,474 [INFO] 输入框已可用
2025-01-11 23:43:56,474 [INFO] 线程 1 等待 3.18 秒后继续下一张
2025-01-11 23:43:59,921 [INFO] 线程 1 浏览器已关闭
2025-01-11 23:43:59,925 [INFO] 查询结果已保存到 price.csv
